[debug] [2026-04-03T17:17:11.803Z] ----------------------------------------------------------------------
[debug] [2026-04-03T17:17:11.806Z] Command:       C:\Program Files\nodejs\node.exe C:\Users\HP\AppData\Roaming\npm\node_modules\firebase-tools\lib\bin\firebase.js deploy --only functions --project gravity-admin-4e60a --debug
[debug] [2026-04-03T17:17:11.807Z] CLI Version:   14.17.0
[debug] [2026-04-03T17:17:11.807Z] Platform:      win32
[debug] [2026-04-03T17:17:11.807Z] Node Version:  v22.19.0
[debug] [2026-04-03T17:17:11.808Z] Time:          Fri Apr 03 2026 22:47:11 GMT+0530 (India Standard Time)
[debug] [2026-04-03T17:17:11.808Z] ----------------------------------------------------------------------
[debug] 
[debug] [2026-04-03T17:17:12.062Z] > command requires scopes: ["email","openid","https://www.googleapis.com/auth/cloudplatformprojects.readonly","https://www.googleapis.com/auth/firebase","https://www.googleapis.com/auth/cloud-platform"]
[debug] [2026-04-03T17:17:12.063Z] > authorizing via signed-in user (dhruvkaranwal123@gmail.com)
[debug] [2026-04-03T17:17:12.064Z] [iam] checking project gravity-admin-4e60a for permissions ["cloudfunctions.functions.create","cloudfunctions.functions.delete","cloudfunctions.functions.get","cloudfunctions.functions.list","cloudfunctions.functions.update","cloudfunctions.operations.get","firebase.projects.get"]
[debug] [2026-04-03T17:17:12.066Z] Checked if tokens are valid: true, expires at: 1775238153237
[debug] [2026-04-03T17:17:12.066Z] Checked if tokens are valid: true, expires at: 1775238153237
[debug] [2026-04-03T17:17:12.067Z] >>> [apiv2][query] POST https://cloudresourcemanager.googleapis.com/v1/projects/gravity-admin-4e60a:testIamPermissions [none]
[debug] [2026-04-03T17:17:12.067Z] >>> [apiv2][(partial)header] POST https://cloudresourcemanager.googleapis.com/v1/projects/gravity-admin-4e60a:testIamPermissions x-goog-quota-user=projects/gravity-admin-4e60a
[debug] [2026-04-03T17:17:12.067Z] >>> [apiv2][body] POST https://cloudresourcemanager.googleapis.com/v1/projects/gravity-admin-4e60a:testIamPermissions {"permissions":["cloudfunctions.functions.create","cloudfunctions.functions.delete","cloudfunctions.functions.get","cloudfunctions.functions.list","cloudfunctions.functions.update","cloudfunctions.operations.get","firebase.projects.get"]}
[debug] [2026-04-03T17:17:13.560Z] <<< [apiv2][status] POST https://cloudresourcemanager.googleapis.com/v1/projects/gravity-admin-4e60a:testIamPermissions 200
[debug] [2026-04-03T17:17:13.560Z] <<< [apiv2][body] POST https://cloudresourcemanager.googleapis.com/v1/projects/gravity-admin-4e60a:testIamPermissions {"permissions":["cloudfunctions.functions.create","cloudfunctions.functions.delete","cloudfunctions.functions.get","cloudfunctions.functions.list","cloudfunctions.functions.update","cloudfunctions.operations.get","firebase.projects.get"]}
[debug] [2026-04-03T17:17:13.561Z] Checked if tokens are valid: true, expires at: 1775238153237
[debug] [2026-04-03T17:17:13.561Z] Checked if tokens are valid: true, expires at: 1775238153237
[debug] [2026-04-03T17:17:13.561Z] >>> [apiv2][query] POST https://iam.googleapis.com/v1/projects/gravity-admin-4e60a/serviceAccounts/gravity-admin-4e60a@appspot.gserviceaccount.com:testIamPermissions [none]
[debug] [2026-04-03T17:17:13.561Z] >>> [apiv2][body] POST https://iam.googleapis.com/v1/projects/gravity-admin-4e60a/serviceAccounts/gravity-admin-4e60a@appspot.gserviceaccount.com:testIamPermissions {"permissions":["iam.serviceAccounts.actAs"]}
[debug] [2026-04-03T17:17:15.185Z] <<< [apiv2][status] POST https://iam.googleapis.com/v1/projects/gravity-admin-4e60a/serviceAccounts/gravity-admin-4e60a@appspot.gserviceaccount.com:testIamPermissions 200
[debug] [2026-04-03T17:17:15.185Z] <<< [apiv2][body] POST https://iam.googleapis.com/v1/projects/gravity-admin-4e60a/serviceAccounts/gravity-admin-4e60a@appspot.gserviceaccount.com:testIamPermissions {"permissions":["iam.serviceAccounts.actAs"]}
[info] 
[info] === Deploying to 'gravity-admin-4e60a'...
[info] 
[info] i  deploying functions 
[debug] [2026-04-03T17:17:15.189Z] Checked if tokens are valid: true, expires at: 1775238153237
[debug] [2026-04-03T17:17:15.189Z] Checked if tokens are valid: true, expires at: 1775238153237
[debug] [2026-04-03T17:17:15.189Z] >>> [apiv2][query] GET https://cloudresourcemanager.googleapis.com/v1/projects/gravity-admin-4e60a [none]
[debug] [2026-04-03T17:17:15.510Z] <<< [apiv2][status] GET https://cloudresourcemanager.googleapis.com/v1/projects/gravity-admin-4e60a 200
[debug] [2026-04-03T17:17:15.510Z] <<< [apiv2][body] GET https://cloudresourcemanager.googleapis.com/v1/projects/gravity-admin-4e60a {"projectNumber":"235513687240","projectId":"gravity-admin-4e60a","lifecycleState":"ACTIVE","name":"Gravity Admin","labels":{"firebase":"enabled","firebase-core":"disabled"},"createTime":"2026-03-31T10:26:02.683Z"}
[info] i  functions: preparing codebase default for deployment 
[info] i  functions: ensuring required API cloudfunctions.googleapis.com is enabled... 
[info] i  functions: ensuring required API cloudbuild.googleapis.com is enabled... 
[debug] [2026-04-03T17:17:15.512Z] Checked if tokens are valid: true, expires at: 1775238153237
[debug] [2026-04-03T17:17:15.512Z] Checked if tokens are valid: true, expires at: 1775238153237
[info] i  artifactregistry: ensuring required API artifactregistry.googleapis.com is enabled... 
[debug] [2026-04-03T17:17:15.513Z] Checked if tokens are valid: true, expires at: 1775238153237
[debug] [2026-04-03T17:17:15.513Z] Checked if tokens are valid: true, expires at: 1775238153237
[debug] [2026-04-03T17:17:15.513Z] >>> [apiv2][query] GET https://serviceusage.googleapis.com/v1/projects/gravity-admin-4e60a/services/cloudbuild.googleapis.com [none]
[debug] [2026-04-03T17:17:15.513Z] >>> [apiv2][(partial)header] GET https://serviceusage.googleapis.com/v1/projects/gravity-admin-4e60a/services/cloudbuild.googleapis.com x-goog-quota-user=projects/gravity-admin-4e60a
[debug] [2026-04-03T17:17:15.515Z] >>> [apiv2][query] GET https://serviceusage.googleapis.com/v1/projects/gravity-admin-4e60a/services/artifactregistry.googleapis.com [none]
[debug] [2026-04-03T17:17:15.515Z] >>> [apiv2][(partial)header] GET https://serviceusage.googleapis.com/v1/projects/gravity-admin-4e60a/services/artifactregistry.googleapis.com x-goog-quota-user=projects/gravity-admin-4e60a
[debug] [2026-04-03T17:17:17.266Z] <<< [apiv2][status] GET https://serviceusage.googleapis.com/v1/projects/gravity-admin-4e60a/services/artifactregistry.googleapis.com 200
[debug] [2026-04-03T17:17:17.267Z] <<< [apiv2][body] GET https://serviceusage.googleapis.com/v1/projects/gravity-admin-4e60a/services/artifactregistry.googleapis.com [omitted]
[warn] !  artifactregistry: missing required API artifactregistry.googleapis.com. Enabling now... 
[debug] [2026-04-03T17:17:17.267Z] Checked if tokens are valid: true, expires at: 1775238153237
[debug] [2026-04-03T17:17:17.267Z] Checked if tokens are valid: true, expires at: 1775238153237
[debug] [2026-04-03T17:17:17.268Z] >>> [apiv2][query] POST https://serviceusage.googleapis.com/v1/projects/gravity-admin-4e60a/services/artifactregistry.googleapis.com:enable [none]
[debug] [2026-04-03T17:17:17.268Z] >>> [apiv2][(partial)header] POST https://serviceusage.googleapis.com/v1/projects/gravity-admin-4e60a/services/artifactregistry.googleapis.com:enable x-goog-quota-user=projects/gravity-admin-4e60a
[debug] [2026-04-03T17:17:17.279Z] <<< [apiv2][status] GET https://serviceusage.googleapis.com/v1/projects/gravity-admin-4e60a/services/cloudbuild.googleapis.com 200
[debug] [2026-04-03T17:17:17.279Z] <<< [apiv2][body] GET https://serviceusage.googleapis.com/v1/projects/gravity-admin-4e60a/services/cloudbuild.googleapis.com [omitted]
[warn] !  functions: missing required API cloudbuild.googleapis.com. Enabling now... 
[debug] [2026-04-03T17:17:17.280Z] Checked if tokens are valid: true, expires at: 1775238153237
[debug] [2026-04-03T17:17:17.280Z] Checked if tokens are valid: true, expires at: 1775238153237
[debug] [2026-04-03T17:17:17.280Z] >>> [apiv2][query] POST https://serviceusage.googleapis.com/v1/projects/gravity-admin-4e60a/services/cloudbuild.googleapis.com:enable [none]
[debug] [2026-04-03T17:17:17.280Z] >>> [apiv2][(partial)header] POST https://serviceusage.googleapis.com/v1/projects/gravity-admin-4e60a/services/cloudbuild.googleapis.com:enable x-goog-quota-user=projects/gravity-admin-4e60a
[debug] [2026-04-03T17:17:17.662Z] <<< [apiv2][status] POST https://serviceusage.googleapis.com/v1/projects/gravity-admin-4e60a/services/artifactregistry.googleapis.com:enable 400
[debug] [2026-04-03T17:17:17.662Z] <<< [apiv2][body] POST https://serviceusage.googleapis.com/v1/projects/gravity-admin-4e60a/services/artifactregistry.googleapis.com:enable [omitted]
[error] 
[error] Error: Your project gravity-admin-4e60a must be on the Blaze (pay-as-you-go) plan to complete this command. Required API artifactregistry.googleapis.com can't be enabled until the upgrade is complete. To upgrade, visit the following URL:

https://console.firebase.google.com/project/gravity-admin-4e60a/usage/details
